Picked up JAVA_TOOL_OPTIONS: -XX:+UseContainerSupport -XX:ActiveProcessorCount=1
[INFO] Scanning for projects...
[INFO] 
[INFO] ----------------< com.example.gateway:gateway-service >-----------------
[INFO] Building Gateway Service 1.0.0
[INFO]   from pom.xml
[INFO] --------------------------------[ jar ]---------------------------------
[INFO] 
[INFO] >>> spring-boot:2.7.14:run (default-cli) > test-compile @ gateway-service >>>
[INFO] 
[INFO] --- resources:3.2.0:resources (default-resources) @ gateway-service ---
[INFO] Using 'UTF-8' encoding to copy filtered resources.
[INFO] Using 'UTF-8' encoding to copy filtered properties files.
[INFO] Copying 1 resource
[INFO] Copying 2 resources
[INFO] 
[INFO] --- compiler:3.10.1:compile (default-compile) @ gateway-service ---
[INFO] Changes detected - recompiling the module!
[INFO] Compiling 14 source files to /workspace/user-test/Gateway/target/classes
[INFO] 
[INFO] --- resources:3.2.0:testResources (default-testResources) @ gateway-service ---
[INFO] Using 'UTF-8' encoding to copy filtered resources.
[INFO] Using 'UTF-8' encoding to copy filtered properties files.
[INFO] skip non existing resourceDirectory /workspace/user-test/Gateway/src/test/resources
[INFO] 
[INFO] --- compiler:3.10.1:testCompile (default-testCompile) @ gateway-service ---
[INFO] No sources to compile
[INFO] 
[INFO] <<< spring-boot:2.7.14:run (default-cli) < test-compile @ gateway-service <<<
[INFO] 
[INFO] 
[INFO] --- spring-boot:2.7.14:run (default-cli) @ gateway-service ---
[INFO] Attaching agents: []
Picked up JAVA_TOOL_OPTIONS: -XX:+UseContainerSupport -XX:ActiveProcessorCount=1

  .   ____          _            __ _ _
 /\\ / ___'_ __ _ _(_)_ __  __ _ \ \ \ \
( ( )\___ | '_ | '_| | '_ \/ _` | \ \ \ \
 \\/  ___)| |_)| | | | | || (_| |  ) ) ) )
  '  |____| .__|_| |_|_| |_\__, | / / / /
 =========|_|==============|___/=/_/_/_/
 :: Spring Boot ::               (v2.7.14)

Loaded 9 variables from .env file
2025-07-18 04:32:33.562  INFO 209434 --- [           main] com.example.gateway.GatewayApplication   : Starting GatewayApplication using Java 21.0.7 on jeonneung-usertest-i7miuisf7wr with PID 209434 (/workspace/user-test/Gateway/target/classes started by gitpod in /workspace/user-test/Gateway)
2025-07-18 04:32:33.564 DEBUG 209434 --- [           main] com.example.gateway.GatewayApplication   : Running with Spring Boot v2.7.14, Spring v5.3.29
2025-07-18 04:32:33.564  INFO 209434 --- [           main] com.example.gateway.GatewayApplication   : No active profile set, falling back to 1 default profile: "default"
2025-07-18 04:32:34.422  INFO 209434 --- [           main] o.s.b.w.embedded.tomcat.TomcatWebServer  : Tomcat initialized with port(s): 8081 (http)
2025-07-18 04:32:34.430  INFO 209434 --- [           main] o.apache.catalina.core.StandardService   : Starting service [Tomcat]
2025-07-18 04:32:34.430  INFO 209434 --- [           main] org.apache.catalina.core.StandardEngine  : Starting Servlet engine: [Apache Tomcat/9.0.78]
2025-07-18 04:32:34.515  INFO 209434 --- [           main] o.a.c.c.C.[Tomcat].[localhost].[/]       : Initializing Spring embedded WebApplicationContext
2025-07-18 04:32:34.515  INFO 209434 --- [           main] w.s.c.ServletWebServerApplicationContext : Root WebApplicationContext: initialization completed in 916 ms
2025-07-18 04:32:34.880 DEBUG 209434 --- [           main] swordEncoderAuthenticationManagerBuilder : No authenticationProviders and no parentAuthenticationManager defined. Returning null.
2025-07-18 04:32:34.980  INFO 209434 --- [           main] o.s.s.web.DefaultSecurityFilterChain     : Will secure any request with [org.springframework.security.web.session.DisableEncodeUrlFilter@4d98e41b, org.springframework.security.web.context.request.async.WebAsyncManagerIntegrationFilter@5ed5b321, org.springframework.security.web.context.SecurityContextPersistenceFilter@42e4e589, org.springframework.security.web.header.HeaderWriterFilter@562919fe, org.springframework.security.web.csrf.CsrfFilter@1e12a5a6, org.springframework.security.web.authentication.logout.LogoutFilter@32227215, org.springframework.security.oauth2.client.web.OAuth2AuthorizationRequestRedirectFilter@52bd9a27, org.springframework.security.oauth2.client.web.OAuth2LoginAuthenticationFilter@611e5819, org.springframework.security.web.savedrequest.RequestCacheAwareFilter@76f2dad9, org.springframework.security.web.servletapi.SecurityContextHolderAwareRequestFilter@2c1f8dbd, org.springframework.security.web.authentication.AnonymousAuthenticationFilter@5696c927, org.springframework.security.web.session.SessionManagementFilter@715f45c6, org.springframework.security.web.access.ExceptionTranslationFilter@36c7cbe1, org.springframework.security.web.access.intercept.AuthorizationFilter@71664560]
2025-07-18 04:32:35.674  INFO 209434 --- [           main] o.s.b.w.embedded.tomcat.TomcatWebServer  : Tomcat started on port(s): 8081 (http) with context path ''
2025-07-18 04:32:35.684  INFO 209434 --- [           main] com.example.gateway.GatewayApplication   : Started GatewayApplication in 2.457 seconds (JVM running for 2.781)
2025-07-18 04:34:47.586  INFO 209434 --- [nio-8081-exec-1] o.a.c.c.C.[Tomcat].[localhost].[/]       : Initializing Spring DispatcherServlet 'dispatcherServlet'
2025-07-18 04:34:47.586  INFO 209434 --- [nio-8081-exec-1] o.s.web.servlet.DispatcherServlet        : Initializing Servlet 'dispatcherServlet'
2025-07-18 04:34:47.588  INFO 209434 --- [nio-8081-exec-1] o.s.web.servlet.DispatcherServlet        : Completed initialization in 1 ms
2025-07-18 04:34:47.594 DEBUG 209434 --- [nio-8081-exec-1] o.s.security.web.FilterChainProxy        : Securing GET /v3/api-docs
2025-07-18 04:34:47.596 DEBUG 209434 --- [nio-8081-exec-1] s.s.w.c.SecurityContextPersistenceFilter : Set SecurityContextHolder to empty SecurityContext
2025-07-18 04:34:47.600 DEBUG 209434 --- [nio-8081-exec-1] o.s.s.w.a.AnonymousAuthenticationFilter  : Set SecurityContextHolder to anonymous SecurityContext
2025-07-18 04:34:47.601 DEBUG 209434 --- [nio-8081-exec-1] o.s.security.web.FilterChainProxy        : Secured GET /v3/api-docs
2025-07-18 04:34:47.822  INFO 209434 --- [nio-8081-exec-1] o.springdoc.api.AbstractOpenApiResource  : Init duration for springdoc-openapi is: 203 ms
2025-07-18 04:34:47.849 DEBUG 209434 --- [nio-8081-exec-1] s.s.w.c.SecurityContextPersistenceFilter : Cleared SecurityContextHolder to complete request
2025-07-18 04:36:14.715 DEBUG 209434 --- [nio-8081-exec-2] o.s.security.web.FilterChainProxy        : Securing GET /swagger-ui/index.html
2025-07-18 04:36:14.715 DEBUG 209434 --- [nio-8081-exec-2] s.s.w.c.SecurityContextPersistenceFilter : Set SecurityContextHolder to empty SecurityContext
2025-07-18 04:36:14.716 DEBUG 209434 --- [nio-8081-exec-2] o.s.s.w.a.AnonymousAuthenticationFilter  : Set SecurityContextHolder to anonymous SecurityContext
2025-07-18 04:36:14.716 DEBUG 209434 --- [nio-8081-exec-2] o.s.security.web.FilterChainProxy        : Secured GET /swagger-ui/index.html
2025-07-18 04:36:14.727 DEBUG 209434 --- [nio-8081-exec-2] s.s.w.c.SecurityContextPersistenceFilter : Cleared SecurityContextHolder to complete request
2025-07-18 04:36:14.884 DEBUG 209434 --- [nio-8081-exec-3] o.s.security.web.FilterChainProxy        : Securing GET /swagger-ui/swagger-ui.css
2025-07-18 04:36:14.884 DEBUG 209434 --- [nio-8081-exec-3] s.s.w.c.SecurityContextPersistenceFilter : Set SecurityContextHolder to empty SecurityContext
2025-07-18 04:36:14.885 DEBUG 209434 --- [nio-8081-exec-3] o.s.s.w.a.AnonymousAuthenticationFilter  : Set SecurityContextHolder to anonymous SecurityContext
2025-07-18 04:36:14.885 DEBUG 209434 --- [nio-8081-exec-3] o.s.security.web.FilterChainProxy        : Secured GET /swagger-ui/swagger-ui.css
2025-07-18 04:36:14.889 DEBUG 209434 --- [nio-8081-exec-3] s.s.w.c.SecurityContextPersistenceFilter : Cleared SecurityContextHolder to complete request
2025-07-18 04:36:14.893 DEBUG 209434 --- [nio-8081-exec-5] o.s.security.web.FilterChainProxy        : Securing GET /swagger-ui/swagger-ui-bundle.js
2025-07-18 04:36:14.893 DEBUG 209434 --- [nio-8081-exec-5] s.s.w.c.SecurityContextPersistenceFilter : Set SecurityContextHolder to empty SecurityContext
2025-07-18 04:36:14.893 DEBUG 209434 --- [nio-8081-exec-4] o.s.security.web.FilterChainProxy        : Securing GET /swagger-ui/index.css
2025-07-18 04:36:14.894 DEBUG 209434 --- [nio-8081-exec-4] s.s.w.c.SecurityContextPersistenceFilter : Set SecurityContextHolder to empty SecurityContext
2025-07-18 04:36:14.894 DEBUG 209434 --- [nio-8081-exec-5] o.s.s.w.a.AnonymousAuthenticationFilter  : Set SecurityContextHolder to anonymous SecurityContext
2025-07-18 04:36:14.894 DEBUG 209434 --- [nio-8081-exec-5] o.s.security.web.FilterChainProxy        : Secured GET /swagger-ui/swagger-ui-bundle.js
2025-07-18 04:36:14.894 DEBUG 209434 --- [nio-8081-exec-4] o.s.s.w.a.AnonymousAuthenticationFilter  : Set SecurityContextHolder to anonymous SecurityContext
2025-07-18 04:36:14.894 DEBUG 209434 --- [nio-8081-exec-4] o.s.security.web.FilterChainProxy        : Secured GET /swagger-ui/index.css
2025-07-18 04:36:14.895 DEBUG 209434 --- [nio-8081-exec-7] o.s.security.web.FilterChainProxy        : Securing GET /swagger-ui/swagger-initializer.js
2025-07-18 04:36:14.896 DEBUG 209434 --- [nio-8081-exec-7] s.s.w.c.SecurityContextPersistenceFilter : Set SecurityContextHolder to empty SecurityContext
2025-07-18 04:36:14.896 DEBUG 209434 --- [nio-8081-exec-6] o.s.security.web.FilterChainProxy        : Securing GET /swagger-ui/swagger-ui-standalone-preset.js
2025-07-18 04:36:14.896 DEBUG 209434 --- [nio-8081-exec-7] o.s.s.w.a.AnonymousAuthenticationFilter  : Set SecurityContextHolder to anonymous SecurityContext
2025-07-18 04:36:14.896 DEBUG 209434 --- [nio-8081-exec-6] s.s.w.c.SecurityContextPersistenceFilter : Set SecurityContextHolder to empty SecurityContext
2025-07-18 04:36:14.896 DEBUG 209434 --- [nio-8081-exec-7] o.s.security.web.FilterChainProxy        : Secured GET /swagger-ui/swagger-initializer.js
2025-07-18 04:36:14.896 DEBUG 209434 --- [nio-8081-exec-6] o.s.s.w.a.AnonymousAuthenticationFilter  : Set SecurityContextHolder to anonymous SecurityContext
2025-07-18 04:36:14.896 DEBUG 209434 --- [nio-8081-exec-6] o.s.security.web.FilterChainProxy        : Secured GET /swagger-ui/swagger-ui-standalone-preset.js
2025-07-18 04:36:14.898 DEBUG 209434 --- [nio-8081-exec-4] s.s.w.c.SecurityContextPersistenceFilter : Cleared SecurityContextHolder to complete request
2025-07-18 04:36:14.901 DEBUG 209434 --- [nio-8081-exec-7] s.s.w.c.SecurityContextPersistenceFilter : Cleared SecurityContextHolder to complete request
2025-07-18 04:36:14.917 DEBUG 209434 --- [nio-8081-exec-5] s.s.w.c.SecurityContextPersistenceFilter : Cleared SecurityContextHolder to complete request
2025-07-18 04:36:14.944 DEBUG 209434 --- [nio-8081-exec-6] s.s.w.c.SecurityContextPersistenceFilter : Cleared SecurityContextHolder to complete request
2025-07-18 04:36:15.982 DEBUG 209434 --- [nio-8081-exec-8] o.s.security.web.FilterChainProxy        : Securing GET /v3/api-docs/swagger-config
2025-07-18 04:36:15.982 DEBUG 209434 --- [nio-8081-exec-8] s.s.w.c.SecurityContextPersistenceFilter : Set SecurityContextHolder to empty SecurityContext
2025-07-18 04:36:15.982 DEBUG 209434 --- [nio-8081-exec-8] o.s.s.w.a.AnonymousAuthenticationFilter  : Set SecurityContextHolder to anonymous SecurityContext
2025-07-18 04:36:15.982 DEBUG 209434 --- [nio-8081-exec-8] o.s.security.web.FilterChainProxy        : Secured GET /v3/api-docs/swagger-config
2025-07-18 04:36:15.987 DEBUG 209434 --- [nio-8081-exec-8] s.s.w.c.SecurityContextPersistenceFilter : Cleared SecurityContextHolder to complete request
2025-07-18 04:36:15.993 DEBUG 209434 --- [nio-8081-exec-9] o.s.security.web.FilterChainProxy        : Securing GET /swagger-ui/favicon-32x32.png
2025-07-18 04:36:15.993 DEBUG 209434 --- [nio-8081-exec-9] s.s.w.c.SecurityContextPersistenceFilter : Set SecurityContextHolder to empty SecurityContext
2025-07-18 04:36:15.993 DEBUG 209434 --- [nio-8081-exec-9] o.s.s.w.a.AnonymousAuthenticationFilter  : Set SecurityContextHolder to anonymous SecurityContext
2025-07-18 04:36:15.993 DEBUG 209434 --- [nio-8081-exec-9] o.s.security.web.FilterChainProxy        : Secured GET /swagger-ui/favicon-32x32.png
2025-07-18 04:36:15.995 DEBUG 209434 --- [nio-8081-exec-9] s.s.w.c.SecurityContextPersistenceFilter : Cleared SecurityContextHolder to complete request
2025-07-18 04:36:16.161 DEBUG 209434 --- [io-8081-exec-10] o.s.security.web.FilterChainProxy        : Securing GET /v3/api-docs
2025-07-18 04:36:16.162 DEBUG 209434 --- [io-8081-exec-10] s.s.w.c.SecurityContextPersistenceFilter : Set SecurityContextHolder to empty SecurityContext
2025-07-18 04:36:16.162 DEBUG 209434 --- [io-8081-exec-10] o.s.s.w.a.AnonymousAuthenticationFilter  : Set SecurityContextHolder to anonymous SecurityContext
2025-07-18 04:36:16.162 DEBUG 209434 --- [io-8081-exec-10] o.s.security.web.FilterChainProxy        : Secured GET /v3/api-docs
2025-07-18 04:36:16.206  INFO 209434 --- [io-8081-exec-10] o.springdoc.api.AbstractOpenApiResource  : Init duration for springdoc-openapi is: 42 ms
2025-07-18 04:36:16.208 DEBUG 209434 --- [io-8081-exec-10] s.s.w.c.SecurityContextPersistenceFilter : Cleared SecurityContextHolder to complete request
2025-07-18 04:36:17.258 DEBUG 209434 --- [nio-8081-exec-1] o.s.security.web.FilterChainProxy        : Securing GET /v3/api-docs
2025-07-18 04:36:17.258 DEBUG 209434 --- [nio-8081-exec-1] s.s.w.c.SecurityContextPersistenceFilter : Set SecurityContextHolder to empty SecurityContext
2025-07-18 04:36:17.258 DEBUG 209434 --- [nio-8081-exec-1] o.s.s.w.a.AnonymousAuthenticationFilter  : Set SecurityContextHolder to anonymous SecurityContext
2025-07-18 04:36:17.258 DEBUG 209434 --- [nio-8081-exec-1] o.s.security.web.FilterChainProxy        : Secured GET /v3/api-docs
2025-07-18 04:36:17.262 DEBUG 209434 --- [nio-8081-exec-1] s.s.w.c.SecurityContextPersistenceFilter : Cleared SecurityContextHolder to complete request
